
2018-03-13 07:01:05...Begin System Check Process *************
2018-03-13 07:01:05...XML Parsing Support Found
2018-03-13 07:01:05...MBString Support Found
2018-03-13 07:01:05...ZIP Support Found
2018-03-13 07:01:05.../custom directory and subdirectory check passed
2018-03-13 07:01:05...cache directory and subdirectory check passed
2018-03-13 07:01:05.../module  directory and subdirectory check passed
2018-03-13 07:01:05.../upload directory check passed
2018-03-13 07:01:05.../zip check passed
2018-03-13 07:01:05...PCRE version check passed
2018-03-13 07:01:05...installerHook: Could not find custom/install/install_hooks.php
2018-03-13 07:01:05...php.ini location found. /etc/php/7.0/apache2/php.ini
2018-03-13 07:01:05...Outputting HTML for System check
2018-03-13 07:01:05...No Errors were found *************
2018-03-13 07:01:07...installerHook: Could not find custom/install/install_hooks.php
2018-03-13 07:01:12...installerHook: Could not find custom/install/install_hooks.php
2018-03-13 07:02:21...Begin DB Check Process *************
2018-03-13 07:02:21...testing with mysql:mysqli
2018-03-13 07:02:21...Basic form info is valid, continuing Process.
2018-03-13 07:02:21...Testing user account...
2018-03-13 07:02:21...Connection made using  host: localhost, usr: root
2018-03-13 07:02:21...SUCCESS:: no errors detected!
2018-03-13 07:02:21...End DB Check Process *************
2018-03-13 07:02:21...installerHook: Could not find custom/install/install_hooks.php
2018-03-13 07:02:21...calling handleSugarConfig()
2018-03-13 07:02:21...calling handleHtaccess()
2018-03-13 07:02:21...calling handleDbCreateDatabase()
2018-03-13 07:02:21...looping through all the Beans and create their tables
2018-03-13 07:02:21...processing table acl_actions
2018-03-13 07:02:21...creating table acl_actions
2018-03-13 07:02:21...creating Relationship Meta for ACLAction
2018-03-13 07:02:21...processing table acl_roles
2018-03-13 07:02:22...creating table acl_roles
2018-03-13 07:02:22...creating Relationship Meta for ACLRole
2018-03-13 07:02:22...processing table relationships
2018-03-13 07:02:22...creating table relationships
2018-03-13 07:02:22...creating Relationship Meta for Relationship
2018-03-13 07:02:22...processing table leads
2018-03-13 07:02:23...creating table leads
2018-03-13 07:02:23...creating Relationship Meta for Lead
2018-03-13 07:02:23...processing table cases
2018-03-13 07:02:24...creating table cases
2018-03-13 07:02:24...creating Relationship Meta for Case
2018-03-13 07:02:24...processing table bugs
2018-03-13 07:02:25...creating table bugs
2018-03-13 07:02:25...creating Relationship Meta for Bug
2018-03-13 07:02:25...processing table users
2018-03-13 07:02:26...creating table users
2018-03-13 07:02:26...creating Relationship Meta for User
2018-03-13 07:02:26...processing table campaign_log
2018-03-13 07:02:26...creating table campaign_log
2018-03-13 07:02:26...creating Relationship Meta for CampaignLog
2018-03-13 07:02:26...processing table project
2018-03-13 07:02:27...creating table project
2018-03-13 07:02:27...creating Relationship Meta for Project
2018-03-13 07:02:27...processing table project_task
2018-03-13 07:02:28...creating table project_task
2018-03-13 07:02:28...creating Relationship Meta for ProjectTask
2018-03-13 07:02:28...processing table campaigns
2018-03-13 07:02:29...creating table campaigns
2018-03-13 07:02:29...creating Relationship Meta for Campaign
2018-03-13 07:02:29...processing table prospect_lists
2018-03-13 07:02:30...creating table prospect_lists
2018-03-13 07:02:30...creating Relationship Meta for ProspectList
2018-03-13 07:02:30...processing table prospects
2018-03-13 07:02:30...creating table prospects
2018-03-13 07:02:30...creating Relationship Meta for Prospect
2018-03-13 07:02:31...processing table email_marketing
2018-03-13 07:02:31...creating table email_marketing
2018-03-13 07:02:31...creating Relationship Meta for EmailMarketing
2018-03-13 07:02:31...processing table campaign_trkrs
2018-03-13 07:02:31...creating table campaign_trkrs
2018-03-13 07:02:31...creating Relationship Meta for CampaignTracker
2018-03-13 07:02:31...processing table releases
2018-03-13 07:02:32...creating table releases
2018-03-13 07:02:32...creating Relationship Meta for Release
2018-03-13 07:02:32...processing table emailman
2018-03-13 07:02:32...creating table emailman
2018-03-13 07:02:32...creating Relationship Meta for EmailMan
2018-03-13 07:02:32...processing table schedulers
2018-03-13 07:02:32...creating table schedulers
2018-03-13 07:02:32...creating Relationship Meta for Scheduler
2018-03-13 07:02:32...processing table job_queue
2018-03-13 07:02:32...creating table job_queue
2018-03-13 07:02:32...creating Relationship Meta for SchedulersJob
2018-03-13 07:02:33...processing table contacts
2018-03-13 07:02:33...creating table contacts
2018-03-13 07:02:33...creating Relationship Meta for Contact
2018-03-13 07:02:34...processing table accounts
2018-03-13 07:02:35...creating table accounts
2018-03-13 07:02:35...creating Relationship Meta for Account
2018-03-13 07:02:35...processing table opportunities
2018-03-13 07:02:36...creating table opportunities
2018-03-13 07:02:36...creating Relationship Meta for Opportunity
2018-03-13 07:02:36...processing table email_templates
2018-03-13 07:02:37...creating table email_templates
2018-03-13 07:02:37...creating Relationship Meta for EmailTemplate
2018-03-13 07:02:37...processing table notes
2018-03-13 07:02:37...creating table notes
2018-03-13 07:02:37...creating Relationship Meta for Note
2018-03-13 07:02:37...processing table calls
2018-03-13 07:02:38...creating table calls
2018-03-13 07:02:38...creating Relationship Meta for Call
2018-03-13 07:02:38...processing table emails
2018-03-13 07:02:39...creating table emails
2018-03-13 07:02:39...creating Relationship Meta for Email
2018-03-13 07:02:39...processing table meetings
2018-03-13 07:02:40...creating table meetings
2018-03-13 07:02:40...creating Relationship Meta for Meeting
2018-03-13 07:02:40...processing table tasks
2018-03-13 07:02:40...creating table tasks
2018-03-13 07:02:40...creating Relationship Meta for Task
2018-03-13 07:02:41...processing table users
2018-03-13 07:02:41...processing table users
2018-03-13 07:02:41...processing table currencies
2018-03-13 07:02:41...creating table currencies
2018-03-13 07:02:41...creating Relationship Meta for Currency
2018-03-13 07:02:41...processing table tracker
2018-03-13 07:02:41...creating table tracker
2018-03-13 07:02:41...creating Relationship Meta for Tracker
2018-03-13 07:02:41...processing table import_maps
2018-03-13 07:02:41...creating table import_maps
2018-03-13 07:02:41...creating Relationship Meta for ImportMap
2018-03-13 07:02:41...processing table users_last_import
2018-03-13 07:02:42...creating table users_last_import
2018-03-13 07:02:42...creating Relationship Meta for UsersLastImport
2018-03-13 07:02:42...processing table config
2018-03-13 07:02:42...creating table config
2018-03-13 07:02:42...creating Relationship Meta for Administration
2018-03-13 07:02:42...processing table upgrade_history
2018-03-13 07:02:42...creating table upgrade_history
2018-03-13 07:02:42...creating Relationship Meta for UpgradeHistory
2018-03-13 07:02:42...processing table vcals
2018-03-13 07:02:42...creating table vcals
2018-03-13 07:02:42...creating Relationship Meta for vCal
2018-03-13 07:02:42...processing table alerts
2018-03-13 07:02:43...creating table alerts
2018-03-13 07:02:43...creating Relationship Meta for Alert
2018-03-13 07:02:44...processing table roles
2018-03-13 07:02:44...creating table roles
2018-03-13 07:02:44...creating Relationship Meta for Role
2018-03-13 07:02:44...processing table documents
2018-03-13 07:02:45...creating table documents
2018-03-13 07:02:45...creating Relationship Meta for Document
2018-03-13 07:02:45...processing table document_revisions
2018-03-13 07:02:45...creating table document_revisions
2018-03-13 07:02:45...creating Relationship Meta for DocumentRevision
2018-03-13 07:02:45...processing table fields_meta_data
2018-03-13 07:02:45...creating table fields_meta_data
2018-03-13 07:02:45...creating Relationship Meta for FieldsMetaData
2018-03-13 07:02:45...processing table inbound_email
2018-03-13 07:02:46...creating table inbound_email
2018-03-13 07:02:46...creating Relationship Meta for InboundEmail
2018-03-13 07:02:46...processing table saved_search
2018-03-13 07:02:46...creating table saved_search
2018-03-13 07:02:46...creating Relationship Meta for SavedSearch
2018-03-13 07:02:46...processing table user_preferences
2018-03-13 07:02:46...creating table user_preferences
2018-03-13 07:02:46...creating Relationship Meta for UserPreference
2018-03-13 07:02:46...processing table 
2018-03-13 07:02:46...processing table email_addresses
2018-03-13 07:02:46...creating table email_addresses
2018-03-13 07:02:46...creating Relationship Meta for EmailAddress
2018-03-13 07:02:46...processing table emails_text
2018-03-13 07:02:46...creating table emails_text
2018-03-13 07:02:46...creating Relationship Meta for EmailText
2018-03-13 07:02:46...processing table spots
2018-03-13 07:02:47...creating table spots
2018-03-13 07:02:47...creating Relationship Meta for Spots
2018-03-13 07:02:47...processing table aobh_businesshours
2018-03-13 07:02:47...creating table aobh_businesshours
2018-03-13 07:02:47...creating Relationship Meta for AOBH_BusinessHours
2018-03-13 07:02:47...processing table sugarfeed
2018-03-13 07:02:47...creating table sugarfeed
2018-03-13 07:02:47...creating Relationship Meta for SugarFeed
2018-03-13 07:02:48...processing table eapm
2018-03-13 07:02:48...creating table eapm
2018-03-13 07:02:48...creating Relationship Meta for EAPM
2018-03-13 07:02:48...processing table oauth_consumer
2018-03-13 07:02:48...creating table oauth_consumer
2018-03-13 07:02:48...creating Relationship Meta for OAuthKey
2018-03-13 07:02:48...processing table oauth_tokens
2018-03-13 07:02:49...creating table oauth_tokens
2018-03-13 07:02:49...creating Relationship Meta for OAuthToken
2018-03-13 07:02:49...processing table am_projecttemplates
2018-03-13 07:02:49...creating table am_projecttemplates
2018-03-13 07:02:49...creating Relationship Meta for AM_ProjectTemplates
2018-03-13 07:02:50...processing table am_tasktemplates
2018-03-13 07:02:50...creating table am_tasktemplates
2018-03-13 07:02:50...creating Relationship Meta for AM_TaskTemplates
2018-03-13 07:02:50...processing table favorites
2018-03-13 07:02:50...creating table favorites
2018-03-13 07:02:50...creating Relationship Meta for Favorites
2018-03-13 07:02:51...processing table aok_knowledge_base_categories
2018-03-13 07:02:51...creating table aok_knowledge_base_categories
2018-03-13 07:02:51...creating Relationship Meta for AOK_Knowledge_Base_Categories
2018-03-13 07:02:51...processing table aok_knowledgebase
2018-03-13 07:02:52...creating table aok_knowledgebase
2018-03-13 07:02:52...creating Relationship Meta for AOK_KnowledgeBase
2018-03-13 07:02:52...processing table reminders
2018-03-13 07:02:53...creating table reminders
2018-03-13 07:02:53...creating Relationship Meta for Reminder
2018-03-13 07:02:53...processing table reminders_invitees
2018-03-13 07:02:53...creating table reminders_invitees
2018-03-13 07:02:53...creating Relationship Meta for Reminder_Invitee
2018-03-13 07:02:53...processing table fp_events
2018-03-13 07:02:54...creating table fp_events
2018-03-13 07:02:54...creating Relationship Meta for FP_events
2018-03-13 07:02:54...processing table fp_event_locations
2018-03-13 07:02:55...creating table fp_event_locations
2018-03-13 07:02:55...creating Relationship Meta for FP_Event_Locations
2018-03-13 07:02:55...processing table aod_indexevent
2018-03-13 07:02:56...creating table aod_indexevent
2018-03-13 07:02:56...creating Relationship Meta for AOD_IndexEvent
2018-03-13 07:02:56...processing table aod_index
2018-03-13 07:02:56...creating table aod_index
2018-03-13 07:02:56...creating Relationship Meta for AOD_Index
2018-03-13 07:02:57...processing table aop_case_events
2018-03-13 07:02:57...creating table aop_case_events
2018-03-13 07:02:57...creating Relationship Meta for AOP_Case_Events
2018-03-13 07:02:57...processing table aop_case_updates
2018-03-13 07:02:58...creating table aop_case_updates
2018-03-13 07:02:58...creating Relationship Meta for AOP_Case_Updates
2018-03-13 07:02:58...processing table aor_reports
2018-03-13 07:02:59...creating table aor_reports
2018-03-13 07:02:59...creating Relationship Meta for AOR_Report
2018-03-13 07:02:59...processing table aor_fields
2018-03-13 07:02:59...creating table aor_fields
2018-03-13 07:02:59...creating Relationship Meta for AOR_Field
2018-03-13 07:02:59...processing table aor_charts
2018-03-13 07:03:00...creating table aor_charts
2018-03-13 07:03:00...creating Relationship Meta for AOR_Chart
2018-03-13 07:03:00...processing table aor_conditions
2018-03-13 07:03:00...creating table aor_conditions
2018-03-13 07:03:00...creating Relationship Meta for AOR_Condition
2018-03-13 07:03:00...processing table aor_scheduled_reports
2018-03-13 07:03:00...creating table aor_scheduled_reports
2018-03-13 07:03:00...creating Relationship Meta for AOR_Scheduled_Reports
2018-03-13 07:03:01...processing table aos_contracts
2018-03-13 07:03:01...creating table aos_contracts
2018-03-13 07:03:01...creating Relationship Meta for AOS_Contracts
2018-03-13 07:03:02...processing table aos_invoices
2018-03-13 07:03:02...creating table aos_invoices
2018-03-13 07:03:02...creating Relationship Meta for AOS_Invoices
2018-03-13 07:03:02...processing table aos_pdf_templates
2018-03-13 07:03:03...creating table aos_pdf_templates
2018-03-13 07:03:03...creating Relationship Meta for AOS_PDF_Templates
2018-03-13 07:03:03...processing table aos_product_categories
2018-03-13 07:03:04...creating table aos_product_categories
2018-03-13 07:03:04...creating Relationship Meta for AOS_Product_Categories
2018-03-13 07:03:04...processing table aos_products
2018-03-13 07:03:05...creating table aos_products
2018-03-13 07:03:05...creating Relationship Meta for AOS_Products
2018-03-13 07:03:05...processing table aos_products_quotes
2018-03-13 07:03:05...creating table aos_products_quotes
2018-03-13 07:03:05...creating Relationship Meta for AOS_Products_Quotes
2018-03-13 07:03:05...processing table aos_line_item_groups
2018-03-13 07:03:06...creating table aos_line_item_groups
2018-03-13 07:03:06...creating Relationship Meta for AOS_Line_Item_Groups
2018-03-13 07:03:06...processing table aos_quotes
2018-03-13 07:03:07...creating table aos_quotes
2018-03-13 07:03:07...creating Relationship Meta for AOS_Quotes
2018-03-13 07:03:07...processing table aow_actions
2018-03-13 07:03:07...creating table aow_actions
2018-03-13 07:03:07...creating Relationship Meta for AOW_Action
2018-03-13 07:03:07...processing table aow_workflow
2018-03-13 07:03:08...creating table aow_workflow
2018-03-13 07:03:08...creating Relationship Meta for AOW_WorkFlow
2018-03-13 07:03:08...processing table aow_processed
2018-03-13 07:03:09...creating table aow_processed
2018-03-13 07:03:09...creating Relationship Meta for AOW_Processed
2018-03-13 07:03:09...processing table aow_conditions
2018-03-13 07:03:09...creating table aow_conditions
2018-03-13 07:03:09...creating Relationship Meta for AOW_Condition
2018-03-13 07:03:09...processing table jjwg_maps
2018-03-13 07:03:10...creating table jjwg_maps
2018-03-13 07:03:10...creating Relationship Meta for jjwg_Maps
2018-03-13 07:03:10...processing table jjwg_markers
2018-03-13 07:03:11...creating table jjwg_markers
2018-03-13 07:03:11...creating Relationship Meta for jjwg_Markers
2018-03-13 07:03:11...processing table jjwg_areas
2018-03-13 07:03:12...creating table jjwg_areas
2018-03-13 07:03:12...creating Relationship Meta for jjwg_Areas
2018-03-13 07:03:12...processing table jjwg_address_cache
2018-03-13 07:03:12...creating table jjwg_address_cache
2018-03-13 07:03:12...creating Relationship Meta for jjwg_Address_Cache
2018-03-13 07:03:12...processing table calls_reschedule
2018-03-13 07:03:13...creating table calls_reschedule
2018-03-13 07:03:13...creating Relationship Meta for Calls_Reschedule
2018-03-13 07:03:13...processing table securitygroups
2018-03-13 07:03:15...creating table securitygroups
2018-03-13 07:03:15...creating Relationship Meta for SecurityGroup
2018-03-13 07:03:15...processing table outbound_email
2018-03-13 07:03:16...creating table outbound_email
2018-03-13 07:03:16...creating Relationship Meta for OutboundEmailAccounts
2018-03-13 07:03:16...processing table templatesectionline
2018-03-13 07:03:16...creating table templatesectionline
2018-03-13 07:03:16...creating Relationship Meta for TemplateSectionLine
2018-03-13 07:03:16...processing table oauth2tokens
2018-03-13 07:03:16...creating table oauth2tokens
2018-03-13 07:03:16...creating Relationship Meta for OAuth2Tokens
2018-03-13 07:03:16...processing table oauth2clients
2018-03-13 07:03:17...creating table oauth2clients
2018-03-13 07:03:17...creating Relationship Meta for OAuth2Clients
2018-03-13 07:03:17...processing table surveyresponses
2018-03-13 07:03:17...creating table surveyresponses
2018-03-13 07:03:17...creating Relationship Meta for SurveyResponses
2018-03-13 07:03:18...processing table surveys
2018-03-13 07:03:18...creating table surveys
2018-03-13 07:03:18...creating Relationship Meta for Surveys
2018-03-13 07:03:18...processing table surveyquestionresponses
2018-03-13 07:03:19...creating table surveyquestionresponses
2018-03-13 07:03:19...creating Relationship Meta for SurveyQuestionResponses
2018-03-13 07:03:19...processing table surveyquestions
2018-03-13 07:03:20...creating table surveyquestions
2018-03-13 07:03:20...creating Relationship Meta for SurveyQuestions
2018-03-13 07:03:20...processing table surveyquestionoptions
2018-03-13 07:03:21...creating table surveyquestionoptions
2018-03-13 07:03:21...creating Relationship Meta for SurveyQuestionOptions
2018-03-13 07:03:43...Begin creating Defaults
2018-03-13 07:03:43...insert defaults into config table
2018-03-13 07:03:43...Creating default users
2018-03-13 07:03:44...Creating default scheduler jobs
2018-03-13 07:03:44...Enable SugarFeeds
2018-03-13 07:03:45...Installation has completed *********
2018-03-13 07:04:35...populating the db with seed data
2018-03-13 07:04:35...Save configuration settings..
2018-03-13 07:04:35...save locale
2018-03-13 07:04:35...new Administration
2018-03-13 07:04:35...retrieveSettings
2018-03-13 07:04:35...AdminWizard OFF
2018-03-13 07:04:35...saveConfig
2018-03-13 07:04:36...new Configurator
2018-03-13 07:04:36...populateFromPost
2018-03-13 07:04:36...handleOverride
2018-03-13 07:04:36...addCronAllowedUser
2018-03-13 07:04:36...saveConfig
2018-03-13 07:04:36...new Currency
2018-03-13 07:04:36...retrieve
2018-03-13 07:04:36...DBG: save currency
2018-03-13 07:04:36...Save user settings..
2018-03-13 07:04:36...DBG: SugarThemeRegistry::getDefault
2018-03-13 07:04:36...DBG: require modules/Users/Save.php